<?xml version="1.0" encoding="UTF-8"?>
<!-- Generated by org.testng.reporters.JUnitReportReporter -->
<testsuite hostname="DESKTOP-QP6PFOL" failures="0" tests="1" name="practice.Createcontact" time="0.017" errors="0" timestamp="30 Dec 2021 09:35:26 GMT" skipped="0">
  <testcase classname="practice.Createcontact" name="createcont" time="0.017"/>
</testsuite> <!-- practice.Createcontact -->
